<?xml version="1.0" encoding="UTF-8"?>
<!-- Generated by org.testng.reporters.JUnitReportReporter -->
<testsuite hostname="BLRJPT867D.local" name="handling_authentication_window_popUp.HandlingAuthentication_PopUp" tests="1" failures="0" timestamp="25 May 2015 03:58:57 GMT" time="27.464" errors="0">
  <testcase name="testBasicAuth_Firefox" time="27.464" classname="handling_authentication_window_popUp.HandlingAuthentication_PopUp"/>
</testsuite> <!-- handling_authentication_window_popUp.HandlingAuthentication_PopUp -->
