<?xml version="1.0" encoding="UTF-8"?>
<!-- Generated by org.testng.reporters.JUnitReportReporter -->
<testsuite hostname="BLRJPT867D.local" name="cookies.AddingCookie" tests="1" failures="0" timestamp="21 May 2015 05:28:35 GMT" time="14.183" errors="0">
  <testcase name="addCookie" time="14.183" classname="cookies.AddingCookie"/>
</testsuite> <!-- cookies.AddingCookie -->
