<?xml version="1.0" encoding="UTF-8"?>
<!-- Generated by org.testng.reporters.JUnitReportReporter -->
<testsuite hostname="BLRJPT867D.local" name="scroll.PageScroll" tests="3" failures="0" timestamp="21 May 2015 05:49:46 GMT" time="14.602" errors="0">
  <testcase name="scrollingToElementofAPage" time="6.339" classname="scroll.PageScroll"/>
  <testcase name="scrollingByCoordinatesofAPage" time="4.576" classname="scroll.PageScroll"/>
  <testcase name="scrollingToBottomofAPage" time="3.687" classname="scroll.PageScroll"/>
</testsuite> <!-- scroll.PageScroll -->
