<?xml version="1.0" encoding="UTF-8"?>
<!-- Generated by org.testng.reporters.JUnitReportReporter -->
<testsuite hostname="BLRJPT867D.local" name="firefox.FireFoxProfileExample" tests="1" failures="0" timestamp="21 May 2015 05:24:16 GMT" time="18.563" errors="0">
  <testcase name="testExamples" time="18.563" classname="firefox.FireFoxProfileExample"/>
</testsuite> <!-- firefox.FireFoxProfileExample -->
