<?xml version="1.0" encoding="UTF-8"?>
<!-- Generated by org.testng.reporters.JUnitReportReporter -->
<testsuite hostname="BLRJPT867D.local" name="fileUploadUsing_Robot.UploadFileRobot" tests="1" failures="0" timestamp="21 May 2015 09:57:55 GMT" time="16.677" errors="0">
  <testcase name="testUpload" time="16.677" classname="fileUploadUsing_Robot.UploadFileRobot"/>
</testsuite> <!-- fileUploadUsing_Robot.UploadFileRobot -->
